#
# There is insufficient memory for the Java Runtime Environment to continue.
# Native memory allocation (mmap) failed to map 67108864 bytes. Error detail: G1 virtual space
# Possible reasons:
#   The system is out of physical RAM or swap space
#   This process is running with CompressedOops enabled, and the Java Heap may be blocking the growth of the native heap
# Possible solutions:
#   Reduce memory load on the system
#   Increase physical memory or swap space
#   Check if swap backing store is full
#   Decrease Java heap size (-Xmx/-Xms)
#   Decrease number of Java threads
#   Decrease Java thread stack sizes (-Xss)
#   Set larger code cache with -XX:ReservedCodeCacheSize=
#   JVM is running with Unscaled Compressed Oops mode in which the Java heap is
#     placed in the first 4GB address space. The Java Heap base address is the
#     maximum limit for the native heap growth. Please use -XX:HeapBaseMinAddress
#     to set the Java Heap base and to place the Java Heap above 4GB virtual address.
# This output file may be truncated or incomplete.
#
#  Out of Memory Error (os_windows.cpp:3713), pid=22028, tid=23036
#
# JRE version:  (21.0.9+10) (build )
# Java VM: OpenJDK 64-Bit Server VM (21.0.9+10-LTS, mixed mode, sharing, tiered, compressed oops, compressed class ptrs, g1 gc, windows-amd64)
# No core dump will be written. Minidumps are not enabled by default on client versions of Windows
#

---------------  S U M M A R Y ------------

Command Line: -DwatchParentProcess=false -Xmx64M -XX:+UseG1GC -XX:+UseStringDeduplication -Xlog:disable org.eclipse.lsp4mp.ls.MicroProfileServerLauncher

Host: Intel(R) Core(TM) i7-8650U CPU @ 1.90GHz, 8 cores, 11G,  Windows 11 , 64 bit Build 26100 (10.0.26100.5074)
Time: Thu Dec 11 13:28:20 2025 W. Central Africa Standard Time elapsed time: 0.035572 seconds (0d 0h 0m 0s)

---------------  T H R E A D  ---------------

Current thread (0x000001c93dffd140):  JavaThread "Unknown thread" [_thread_in_vm, id=23036, stack(0x000000858b200000,0x000000858b300000) (1024K)]

Stack: [0x000000858b200000,0x000000858b300000]
Native frames: (J=compiled Java code, j=interpreted, Vv=VM code, C=native code)
V  [jvm.dll+0x6d6e29]
V  [jvm.dll+0x8b4b76]
V  [jvm.dll+0x8b712e]
V  [jvm.dll+0x8b7813]
V  [jvm.dll+0x283d86]
V  [jvm.dll+0x6d3745]
V  [jvm.dll+0x6c747a]
V  [jvm.dll+0x35e7e8]
V  [jvm.dll+0x366426]
V  [jvm.dll+0x3b73fe]
V  [jvm.dll+0x3b76a8]
V  [jvm.dll+0x3329ec]
V  [jvm.dll+0x33353b]
V  [jvm.dll+0x87deeb]
V  [jvm.dll+0x3c4381]
V  [jvm.dll+0x867135]
V  [jvm.dll+0x457391]
V  [jvm.dll+0x458f81]
C  [jli.dll+0x52d0]
C  [ucrtbase.dll+0x37b0]
C  [KERNEL32.DLL+0x2e8d7]
C  [ntdll.dll+0x8d9c]


---------------  P R O C E S S  ---------------

Threads class SMR info:
_java_thread_list=0x00007ff90a4b91c8, length=0, elements={
}

Java Threads: ( => current thread )
Total: 0

Other Threads:
  0x000001c93e00e7d0 WorkerThread "GC Thread#0"                     [id=9712, stack(0x000000858b300000,0x000000858b400000) (1024K)]
  0x000001c93e010c70 ConcurrentGCThread "G1 Main Marker"            [id=15484, stack(0x000000858b400000,0x000000858b500000) (1024K)]
  0x000001c93e011680 WorkerThread "G1 Conc#0"                       [id=19532, stack(0x000000858b500000,0x000000858b600000) (1024K)]

[error occurred during error reporting (printing all threads), id 0xc0000005, EXCEPTION_ACCESS_VIOLATION (0xc0000005) at pc=0x00007ff909bb50d7]
VM state: not at safepoint (not fully initialized)

VM Mutex/Monitor currently owned by a thread:  ([mutex/lock_event])
[0x00007ff90a52d670] Heap_lock - owner thread: 0x000001c93dffd140

Heap address: 0x00000000fc000000, size: 64 MB, Compressed Oops mode: 32-bit

CDS archive(s) mapped at: [0x0000000000000000-0x0000000000000000-0x0000000000000000), size 0, SharedBaseAddress: 0x0000000800000000, ArchiveRelocationMode: 1.
Narrow klass base: 0x0000000000000000, Narrow klass shift: 0, Narrow klass range: 0x0

GC Precious Log:
 CardTable entry size: 512
 Card Set container configuration: InlinePtr #cards 5 size 8 Array Of Cards #cards 12 size 40 Howl #buckets 4 coarsen threshold 1843 Howl Bitmap #cards 512 size 80 coarsen threshold 460 Card regions per heap region 1 cards per card region 2048

Heap:
 garbage-first heap   total 0K, used 0K [0x00000000fc000000, 0x0000000100000000)
  region size 1024K, 0 young (0K), 0 survivors (0K)

[error occurred during error reporting (printing heap information), id 0xc0000005, EXCEPTION_ACCESS_VIOLATION (0xc0000005) at pc=0x00007ff909fa07a9]
GC Heap History (0 events):
No events

Dll operation events (1 events):
Event: 0.025 Loaded shared library c:\Users\DELL\.vscode\extensions\redhat.java-1.50.0-win32-x64\jre\21.0.9-win32-x86_64\bin\java.dll

Deoptimization events (0 events):
No events

Classes loaded (0 events):
No events

Classes unloaded (0 events):
No events

Classes redefined (0 events):
No events

Internal exceptions (0 events):
No events

ZGC Phase Switch (0 events):
No events

VM Operations (0 events):
No events

Memory protections (0 events):
No events

Nmethod flushes (0 events):
No events

Events (0 events):
No events


Dynamic libraries:
0x00007ff69a320000 - 0x00007ff69a32e000 	c:\Users\DELL\.vscode\extensions\redhat.java-1.50.0-win32-x64\jre\21.0.9-win32-x86_64\bin\java.exe
0x00007ff9ae3a0000 - 0x00007ff9ae609000 	C:\WINDOWS\SYSTEM32\ntdll.dll
0x00007ff9acf80000 - 0x00007ff9ad049000 	C:\WINDOWS\System32\KERNEL32.DLL
0x00007ff9ab870000 - 0x00007ff9abc63000 	C:\WINDOWS\System32\KERNELBASE.dll
0x00007ff9a5150000 - 0x00007ff9a51ee000 	C:\WINDOWS\SYSTEM32\apphelp.dll
0x00007ff9ab5c0000 - 0x00007ff9ab70b000 	C:\WINDOWS\System32\ucrtbase.dll
0x00007ff97c6b0000 - 0x00007ff97c6c8000 	c:\Users\DELL\.vscode\extensions\redhat.java-1.50.0-win32-x64\jre\21.0.9-win32-x86_64\bin\jli.dll
0x00007ff9ad9a0000 - 0x00007ff9adb64000 	C:\WINDOWS\System32\USER32.dll
0x00007ff9ab710000 - 0x00007ff9ab737000 	C:\WINDOWS\System32\win32u.dll
0x00007ff9ac170000 - 0x00007ff9ac19b000 	C:\WINDOWS\System32\GDI32.dll
0x00007ff987710000 - 0x00007ff98772e000 	c:\Users\DELL\.vscode\extensions\redhat.java-1.50.0-win32-x64\jre\21.0.9-win32-x86_64\bin\VCRUNTIME140.dll
0x00007ff9ab740000 - 0x00007ff9ab86d000 	C:\WINDOWS\System32\gdi32full.dll
0x00007ff9abea0000 - 0x00007ff9abf43000 	C:\WINDOWS\System32\msvcp_win.dll
0x00007ff992770000 - 0x00007ff992a03000 	C:\WINDOWS\WinSxS\amd64_microsoft.windows.common-controls_6595b64144ccf1df_6.0.26100.5074_none_3e0d6f78e32fd63f\COMCTL32.dll
0x00007ff9acbd0000 - 0x00007ff9acc79000 	C:\WINDOWS\System32\msvcrt.dll
0x00007ff9ae320000 - 0x00007ff9ae34f000 	C:\WINDOWS\System32\IMM32.DLL
0x00007ff9890b0000 - 0x00007ff9890bc000 	c:\Users\DELL\.vscode\extensions\redhat.java-1.50.0-win32-x64\jre\21.0.9-win32-x86_64\bin\vcruntime140_1.dll
0x00007ff946dd0000 - 0x00007ff946e5d000 	c:\Users\DELL\.vscode\extensions\redhat.java-1.50.0-win32-x64\jre\21.0.9-win32-x86_64\bin\msvcp140.dll
0x00007ff909870000 - 0x00007ff90a610000 	c:\Users\DELL\.vscode\extensions\redhat.java-1.50.0-win32-x64\jre\21.0.9-win32-x86_64\bin\server\jvm.dll
0x00007ff9ad230000 - 0x00007ff9ad2e4000 	C:\WINDOWS\System32\ADVAPI32.dll
0x00007ff9ac6d0000 - 0x00007ff9ac776000 	C:\WINDOWS\System32\sechost.dll
0x00007ff9ac5b0000 - 0x00007ff9ac6c8000 	C:\WINDOWS\System32\RPCRT4.dll
0x00007ff9ad490000 - 0x00007ff9ad504000 	C:\WINDOWS\System32\WS2_32.dll
0x00007ff9ab3b0000 - 0x00007ff9ab40e000 	C:\WINDOWS\SYSTEM32\POWRPROF.dll
0x00007ff998ca0000 - 0x00007ff998cd5000 	C:\WINDOWS\SYSTEM32\WINMM.dll
0x00007ff9a17f0000 - 0x00007ff9a17fb000 	C:\WINDOWS\SYSTEM32\VERSION.dll
0x00007ff9ab390000 - 0x00007ff9ab3a4000 	C:\WINDOWS\SYSTEM32\UMPDC.dll
0x00007ff9aa2d0000 - 0x00007ff9aa2eb000 	C:\WINDOWS\SYSTEM32\kernel.appcore.dll
0x00007ff988ea0000 - 0x00007ff988eaa000 	c:\Users\DELL\.vscode\extensions\redhat.java-1.50.0-win32-x64\jre\21.0.9-win32-x86_64\bin\jimage.dll
0x00007ff9a5c70000 - 0x00007ff9a5eb2000 	C:\WINDOWS\SYSTEM32\DBGHELP.DLL
0x00007ff9ac850000 - 0x00007ff9acbcb000 	C:\WINDOWS\System32\combase.dll
0x00007ff9ac3d0000 - 0x00007ff9ac4a7000 	C:\WINDOWS\System32\OLEAUT32.dll
0x00007ff995260000 - 0x00007ff99529d000 	C:\WINDOWS\SYSTEM32\dbgcore.DLL
0x00007ff9abf50000 - 0x00007ff9abfe9000 	C:\WINDOWS\System32\bcryptPrimitives.dll
0x00007ff9791f0000 - 0x00007ff979210000 	c:\Users\DELL\.vscode\extensions\redhat.java-1.50.0-win32-x64\jre\21.0.9-win32-x86_64\bin\java.dll

JVMTI agents: none

dbghelp: loaded successfully - version: 4.0.5 - missing functions: none
symbol engine: initialized successfully - sym options: 0x614 - pdb path: .;c:\Users\DELL\.vscode\extensions\redhat.java-1.50.0-win32-x64\jre\21.0.9-win32-x86_64\bin;C:\WINDOWS\SYSTEM32;C:\WINDOWS\WinSxS\amd64_microsoft.windows.common-controls_6595b64144ccf1df_6.0.26100.5074_none_3e0d6f78e32fd63f;c:\Users\DELL\.vscode\extensions\redhat.java-1.50.0-win32-x64\jre\21.0.9-win32-x86_64\bin\server

VM Arguments:
jvm_args: -DwatchParentProcess=false -Xmx64M -XX:+UseG1GC -XX:+UseStringDeduplication -Xlog:disable 
java_command: org.eclipse.lsp4mp.ls.MicroProfileServerLauncher
java_class_path (initial): c:\Users\DELL\.vscode\extensions\redhat.vscode-microprofile-0.15.0\server/org.eclipse.lsp4mp.ls-uber.jar
Launcher Type: SUN_STANDARD

[Global flags]
     intx CICompilerCount                          = 4                                         {product} {ergonomic}
     uint ConcGCThreads                            = 2                                         {product} {ergonomic}
     uint G1ConcRefinementThreads                  = 8                                         {product} {ergonomic}
   size_t G1HeapRegionSize                         = 1048576                                   {product} {ergonomic}
    uintx GCDrainStackTargetSize                   = 64                                        {product} {ergonomic}
   size_t InitialHeapSize                          = 67108864                                  {product} {ergonomic}
   size_t MarkStackSize                            = 4194304                                   {product} {ergonomic}
   size_t MaxHeapSize                              = 67108864                                  {product} {command line}
   size_t MinHeapDeltaBytes                        = 1048576                                   {product} {ergonomic}
   size_t MinHeapSize                              = 8388608                                   {product} {ergonomic}
    uintx NonNMethodCodeHeapSize                   = 5839372                                {pd product} {ergonomic}
    uintx NonProfiledCodeHeapSize                  = 122909434                              {pd product} {ergonomic}
    uintx ProfiledCodeHeapSize                     = 122909434                              {pd product} {ergonomic}
    uintx ReservedCodeCacheSize                    = 251658240                              {pd product} {ergonomic}
     bool SegmentedCodeCache                       = true                                      {product} {ergonomic}
   size_t SoftMaxHeapSize                          = 67108864                               {manageable} {ergonomic}
     bool UseCompressedOops                        = true                           {product lp64_product} {ergonomic}
     bool UseG1GC                                  = true                                      {product} {command line}
     bool UseLargePagesIndividualAllocation        = false                                  {pd product} {ergonomic}
     bool UseStringDeduplication                   = true                                      {product} {command line}

Logging:
Log output configuration:
 #0: stdout all=off uptime,level,tags foldmultilines=false
 #1: stderr all=off uptime,level,tags foldmultilines=false

Release file:
<release file has not been read>
Environment Variables:
PATH=C:\Program Files (x86)\VMware\VMware Workstation\bin\;C:\app\DELL\product\21c\dbhomeXE\bin;C:\Program Files\Common Files\Oracle\Java\javapath;C:\Program Files\Eclipse Adoptium\jdk-8.0.382.5-hotspot\bin;C:\Program Files\Eclipse Adoptium\jdk-17.0.8.101-hotspot\bin;C:\WINDOWS\system32;C:\WINDOWS;C:\WINDOWS\System32\Wbem;C:\WINDOWS\System32\WindowsPowerShell\v1.0\;C:\WINDOWS\System32\OpenSSH\;C:\Program Files\Git\cmd;C:\MinGW\bin;C:\xampp\apache\bin;C:\xampp\php;C:\Program Files\gs\gs10.03.1\bin;C:\gradle-8.10.2\bin;C:\Users\DELL\AppData\Local\Microsoft\WindowsApps;C:\Users\DELL\AppData\Local\Programs\Microsoft VS Code\bin;C:\Users\DELL\AppData\Local\GitHubDesktop\bin;C:\flutter\bin;C:\Users\DELL\android\SDKManager;C:\Users\DELL\Downloads\mongosh-2.2.5-win32-x64\mongosh-2.2.5-win32-x64\bin;C:\Users\DELL\openjfx-23_windows-x64_bin-sdk\javafx-sdk-23\bin;C:\Users\DELL\AppData\Roaming\npm;C:\Users\DELL\AppData\Local\Android\Sdk\platform-tools;C:\Users\DELL\AppData\Roaming\npm\node_modules;C:\Program Files\apache-maven-3.9.11\bin;C:\Program Files\nodejs\;C:\Program Files\Docker\Docker\resources\bin;C:\Program Files (x86)\VMware\VMware Workstation\bin\;C:\app\DELL\product\21c\dbhomeXE\bin;C:\Program Files\Common Files\Oracle\Java\javapath;C:\Program Files\Eclipse Adoptium\jdk-8.0.382.5-hotspot\bin;C:\Program Files\Eclipse Adoptium\jdk-17.0.8.101-hotspot\bin;C:\WINDOWS\system32;C:\WINDOWS;C:\WINDOWS\System32\Wbem;C:\WINDOWS\System32\WindowsPowerShell\v1.0\;C:\WINDOWS\System32\OpenSSH\;C:\Program Files\Git\cmd;C:\MinGW\bin;C:\xampp\apache\bin;C:\xampp\php;C:\Program Files\gs\gs10.03.1\bin;C:\Program Files\nodejs\;C:\gradle-8.10.2\bin;C:\Users\DELL\AppData\Local\Microsoft\WindowsApps;C:\Users\DELL\AppData\Local\Programs\Microsoft VS Code\bin;C:\Users\DELL\AppData\Local\GitHubDesktop\bin;C:\flutter\bin;C:\Users\DELL\android\SDKManager;C:\Users\DELL\Downloads\mongosh-2.2.5-win32-x64\mongosh-2.2.5-win32-x64\bin;C:\Users\DELL\openjfx-23_windows-x64_bin-sdk\javafx-sdk-23\bin;C:\Users\DELL\AppData\Local\Android\Sdk\platform-tools;C:\Users\DELL\AppData\Roaming\npm\node_modules;C:\;C:\Users\DELL\AppData\Roaming\npm
USERNAME=DELL
OS=Windows_NT
PROCESSOR_IDENTIFIER=Intel64 Family 6 Model 142 Stepping 10, GenuineIntel
TMP=C:\Users\DELL\AppData\Local\Temp
TEMP=C:\Users\DELL\AppData\Local\Temp




Periodic native trim disabled

---------------  S Y S T E M  ---------------

OS:
 Windows 11 , 64 bit Build 26100 (10.0.26100.5074)
OS uptime: 0 days 13:46 hours
Hyper-V role detected

CPU: total 8 (initial active 8) (4 cores per cpu, 2 threads per core) family 6 model 142 stepping 10 microcode 0xe0, cx8, cmov, fxsr, ht, mmx, 3dnowpref, sse, sse2, sse3, ssse3, sse4.1, sse4.2, popcnt, lzcnt, tsc, tscinvbit, avx, avx2, aes, erms, clmul, bmi1, bmi2, rtm, adx, fma, vzeroupper, clflush, clflushopt, hv, rdtscp, f16c
Processor Information for the first 8 processors :
  Max Mhz: 2112, Current Mhz: 1910, Mhz Limit: 1900

Memory: 4k page, system-wide physical 12167M (726M free)
TotalPageFile size 24816M (AvailPageFile size 30M)
current process WorkingSet (physical memory assigned to process): 13M, peak: 13M
current process commit charge ("private bytes"): 60M, peak: 123M

vm_info: OpenJDK 64-Bit Server VM (21.0.9+10-LTS) for windows-amd64 JRE (21.0.9+10-LTS), built on 2025-10-21T00:00:00Z by "admin" with unknown MS VC++:1942

END.
